<?xml version="1.0" encoding="UTF-8"?>
<!-- Generated by org.testng.reporters.JUnitReportReporter -->
<testsuite skipped="0" hostname="mayank" name="PageTest" tests="1" failures="0" timestamp="24 Apr 2020 23:58:09 GMT" time="10.921" errors="0">
  <testcase name="testMethod" time="10.921" classname="PageTest"/>
</testsuite> <!-- PageTest -->
